# JRE version: OpenJDK Runtime Environment (21.0.5) (build 21.0.5+-12932927-b750.29)
# Java VM: OpenJDK 64-Bit Server VM (21.0.5+-12932927-b750.29, mixed mode, tiered, compressed oops, compressed class ptrs, g1 gc, windows-amd64)
GC Precious Log:
 CardTable entry size: 512
 Card Set container configuration: InlinePtr #cards 5 size 8 Array Of Cards #cards 12 size 40 Howl #buckets 4 coarsen threshold 1843 Howl Bitmap #cards 512 size 80 coarsen threshold 460 Card regions per heap region 1 cards per card region 2048
 CPUs: 4 total, 4 available
 Memory: 8101M
 Large Page Support: Disabled
 NUMA Support: Disabled
 Compressed Oops: Enabled (32-bit)
 Heap Region Size: 1M
 Heap Min Capacity: 8M
 Heap Initial Capacity: 128M
 Heap Max Capacity: 2G
 Pre-touch: Disabled
 Parallel Workers: 4
 Concurrent Workers: 1
 Concurrent Refinement Workers: 4
 Periodic GC: Disabled
Heap:
 garbage-first heap   total 308224K, used 230236K [0x0000000080000000, 0x0000000100000000)
  region size 1024K, 116 young (118784K), 8 survivors (8192K)
 Metaspace       used 130537K, committed 132864K, reserved 1179648K
  class space    used 17031K, committed 18240K, reserved 1048576K
GC Heap History (20 events):
Event: 72.460 GC heap before
{Heap before GC invocations=62 (full 0):
 garbage-first heap   total 234496K, used 216050K [0x0000000080000000, 0x0000000100000000)
  region size 1024K, 97 young (99328K), 5 survivors (5120K)
 Metaspace       used 124680K, committed 126976K, reserved 1179648K
  class space    used 16566K, committed 17728K, reserved 1048576K
}
Event: 72.472 GC heap after
{Heap after GC invocations=63 (full 0):
 garbage-first heap   total 234496K, used 122785K [0x0000000080000000, 0x0000000100000000)
  region size 1024K, 5 young (5120K), 5 survivors (5120K)
 Metaspace       used 124680K, committed 126976K, reserved 1179648K
  class space    used 16566K, committed 17728K, reserved 1048576K
}
Event: 74.335 GC heap before
{Heap before GC invocations=63 (full 0):
 garbage-first heap   total 234496K, used 215969K [0x0000000080000000, 0x0000000100000000)
  region size 1024K, 97 young (99328K), 5 survivors (5120K)
 Metaspace       used 124710K, committed 126976K, reserved 1179648K
  class space    used 16573K, committed 17728K, reserved 1048576K
}
Event: 74.348 GC heap after
{Heap after GC invocations=64 (full 0):
 garbage-first heap   total 234496K, used 119822K [0x0000000080000000, 0x0000000100000000)
  region size 1024K, 6 young (6144K), 6 survivors (6144K)
 Metaspace       used 124710K, committed 126976K, reserved 1179648K
  class space    used 16573K, committed 17728K, reserved 1048576K
}
Event: 77.599 GC heap before
{Heap before GC invocations=64 (full 0):
 garbage-first heap   total 234496K, used 214030K [0x0000000080000000, 0x0000000100000000)
  region size 1024K, 99 young (101376K), 6 survivors (6144K)
 Metaspace       used 124885K, committed 127232K, reserved 1179648K
  class space    used 16592K, committed 17792K, reserved 1048576K
}
Event: 77.611 GC heap after
{Heap after GC invocations=65 (full 0):
 garbage-first heap   total 234496K, used 121680K [0x0000000080000000, 0x0000000100000000)
  region size 1024K, 8 young (8192K), 8 survivors (8192K)
 Metaspace       used 124885K, committed 127232K, reserved 1179648K
  class space    used 16592K, committed 17792K, reserved 1048576K
}
Event: 78.563 GC heap before
{Heap before GC invocations=66 (full 0):
 garbage-first heap   total 234496K, used 211792K [0x0000000080000000, 0x0000000100000000)
  region size 1024K, 98 young (100352K), 8 survivors (8192K)
 Metaspace       used 125286K, committed 127552K, reserved 1179648K
  class space    used 16638K, committed 17792K, reserved 1048576K
}
Event: 78.576 GC heap after
{Heap after GC invocations=67 (full 0):
 garbage-first heap   total 234496K, used 121805K [0x0000000080000000, 0x0000000100000000)
  region size 1024K, 8 young (8192K), 8 survivors (8192K)
 Metaspace       used 125286K, committed 127552K, reserved 1179648K
  class space    used 16638K, committed 17792K, reserved 1048576K
}
Event: 78.884 GC heap before
{Heap before GC invocations=67 (full 0):
 garbage-first heap   total 234496K, used 211917K [0x0000000080000000, 0x0000000100000000)
  region size 1024K, 97 young (99328K), 8 survivors (8192K)
 Metaspace       used 125286K, committed 127552K, reserved 1179648K
  class space    used 16638K, committed 17792K, reserved 1048576K
}
Event: 78.903 GC heap after
{Heap after GC invocations=68 (full 0):
 garbage-first heap   total 234496K, used 119774K [0x0000000080000000, 0x0000000100000000)
  region size 1024K, 7 young (7168K), 7 survivors (7168K)
 Metaspace       used 125286K, committed 127552K, reserved 1179648K
  class space    used 16638K, committed 17792K, reserved 1048576K
}
Event: 79.317 GC heap before
{Heap before GC invocations=68 (full 0):
 garbage-first heap   total 234496K, used 212958K [0x0000000080000000, 0x0000000100000000)
  region size 1024K, 100 young (102400K), 7 survivors (7168K)
 Metaspace       used 125293K, committed 127552K, reserved 1179648K
  class space    used 16638K, committed 17792K, reserved 1048576K
}
Event: 79.326 GC heap after
{Heap after GC invocations=69 (full 0):
 garbage-first heap   total 234496K, used 119000K [0x0000000080000000, 0x0000000100000000)
  region size 1024K, 6 young (6144K), 6 survivors (6144K)
 Metaspace       used 125293K, committed 127552K, reserved 1179648K
  class space    used 16638K, committed 17792K, reserved 1048576K
}
Event: 80.048 GC heap before
{Heap before GC invocations=70 (full 0):
 garbage-first heap   total 234496K, used 215256K [0x0000000080000000, 0x0000000100000000)
  region size 1024K, 101 young (103424K), 6 survivors (6144K)
 Metaspace       used 125308K, committed 127616K, reserved 1179648K
  class space    used 16638K, committed 17792K, reserved 1048576K
}
Event: 80.058 GC heap after
{Heap after GC invocations=71 (full 0):
 garbage-first heap   total 234496K, used 118945K [0x0000000080000000, 0x0000000100000000)
  region size 1024K, 6 young (6144K), 6 survivors (6144K)
 Metaspace       used 125308K, committed 127616K, reserved 1179648K
  class space    used 16638K, committed 17792K, reserved 1048576K
}
Event: 83.213 GC heap before
{Heap before GC invocations=71 (full 0):
 garbage-first heap   total 234496K, used 216225K [0x0000000080000000, 0x0000000100000000)
  region size 1024K, 100 young (102400K), 6 survivors (6144K)
 Metaspace       used 130164K, committed 132544K, reserved 1179648K
  class space    used 17025K, committed 18240K, reserved 1048576K
}
Event: 83.230 GC heap after
{Heap after GC invocations=72 (full 0):
 garbage-first heap   total 234496K, used 120247K [0x0000000080000000, 0x0000000100000000)
  region size 1024K, 8 young (8192K), 8 survivors (8192K)
 Metaspace       used 130164K, committed 132544K, reserved 1179648K
  class space    used 17025K, committed 18240K, reserved 1048576K
}
Event: 83.697 GC heap before
{Heap before GC invocations=72 (full 0):
 garbage-first heap   total 234496K, used 212407K [0x0000000080000000, 0x0000000100000000)
  region size 1024K, 99 young (101376K), 8 survivors (8192K)
 Metaspace       used 130446K, committed 132800K, reserved 1179648K
  class space    used 17028K, committed 18240K, reserved 1048576K
}
Event: 83.710 GC heap after
{Heap after GC invocations=73 (full 0):
 garbage-first heap   total 234496K, used 120668K [0x0000000080000000, 0x0000000100000000)
  region size 1024K, 7 young (7168K), 7 survivors (7168K)
 Metaspace       used 130446K, committed 132800K, reserved 1179648K
  class space    used 17028K, committed 18240K, reserved 1048576K
}
Event: 84.022 GC heap before
{Heap before GC invocations=73 (full 0):
 garbage-first heap   total 234496K, used 213852K [0x0000000080000000, 0x0000000100000000)
  region size 1024K, 99 young (101376K), 7 survivors (7168K)
 Metaspace       used 130501K, committed 132864K, reserved 1179648K
  class space    used 17029K, committed 18240K, reserved 1048576K
}
Event: 84.037 GC heap after
{Heap after GC invocations=74 (full 0):
 garbage-first heap   total 308224K, used 121692K [0x0000000080000000, 0x0000000100000000)
  region size 1024K, 8 young (8192K), 8 survivors (8192K)
 Metaspace       used 130501K, committed 132864K, reserved 1179648K
  class space    used 17029K, committed 18240K, reserved 1048576K
}

